[14:16:31.94] /r giWindowId 0
[14:16:31.94] /r giWindowGeometry 600x300
[14:16:31.95] /o 
              /c                                 Custom Compiler 
              /c 
              /c               Version P-2019.06-SP1-7 for linux64 - Feb 13, 2020 
              /c 
              /c                     Copyright (c) 2004 - 2020 Synopsys, Inc.
              /c    This software and the associated documentation are proprietary to Synopsys,
              /c  Inc. This software may only be used in accordance with the terms and conditions
              /c  of a written license agreement with Synopsys, Inc. All other use, reproduction,
              /c             or distribution of this software is strictly prohibited.
              /c 
              /c Build  (OPT) Config 5329942 compiled on Thu Feb 13 14:05:50 2020 for RHEL64 6.6
              /c Invocation: /DCNFS/applications/synopsys/2019/app/customcompiler/P-2019.06-SP1-7/linux64/platform/bin/custom_compiler
              /c Execution time: Mon Apr 17 14:16:29 2023
              /c Host: linux400512
              /c Working directory: /DCNFS/users/student/cmorali/elen153
              /c 
[14:16:37.27] /r giShowFrameTabs true
[14:16:37.27] /r giWindowId 1
[14:16:37.27] /r giWindowGeometry 1040x800
[14:31:03.18] /# gi::pressButton {/scroll/scrollArea/scrollAreaInnerWidget/applications/dmLibraryManager} -in [gi::getWindows 1]
[14:31:03.19] /# 
[14:31:03.32] /# gi::pressButton {/scroll/scrollArea/scrollAreaInnerWidget/applications/dmLibraryManager} -in [gi::getWindows 1]
[14:31:03.32] /# 
[14:31:03.49] /i dm::showLibraryManager
[14:31:03.49] /r giWindowId 2
[14:31:03.50] /r giWindowGeometry 660x600+50+76
[14:31:03.51] /o oa:0x20982b20
[14:31:06.35] /i gi::setCurrentIndex {libs} -index {Lab1} -in [gi::getWindows 2]
[14:31:06.37] /i gi::setItemSelection {libs} -index {Lab1} -in [gi::getWindows 2]
[14:31:07.24] /i gi::setItemSelection {libs} -index {} -in [gi::getWindows 2]
[14:31:08.91] /# gi::executeAction {dmShowNewLibrary} -in [gi::getWindows 2]
[14:31:08.91] /i dm::showNewLibrary -parent 2
[14:31:08.94] /i gi::setActiveDialog [gi::getDialogs {dmNewLibrary} -parent [gi::getWindows 2]]
[14:31:09.25] /i db::setAttr geometry -of [gi::getDialogs {dmNewLibrary} -parent [gi::getWindows 2]] -value 458x467+720+243
[14:31:14.46] /i gi::setField {libName} -value {Lab2} -in [gi::getDialogs {dmNewLibrary} -parent [gi::getWindows 2]]
[14:31:32.85] /i db::setAttr geometry -of [gi::getFrames 1] -value 1040x824+702+89
[14:33:32.88] /i db::setAttr geometry -of [gi::getDialogs {dmNewLibrary} -parent [gi::getWindows 2]] -value 458x467+995+243
[14:33:53.93] /i gi::pressButton {ok} -in [gi::getDialogs {dmNewLibrary} -parent [gi::getWindows 2]]
[14:33:53.95] /# dm::createLib Lab2 -path {./Lab2} -dmSystem oaDMFileSys
[14:33:54.15] /# db::attachTech [oa::LibFind [ oa::ScalarName [oa::CdbaNS] Lab2]] -refLib [oa::LibFind [ oa::ScalarName [oa::CdbaNS] SAED\_PDK\_90]]
[14:33:54.17] /o 	############################################
[14:33:54.17] /o 	        Synopsys Generic 90nm iPDK          
[14:33:54.17] /o 	--------------------------------------------
[14:33:54.17] /o 	Release Date .............. : 11-May-2016    
[14:33:54.17] /o 	============================================
[14:33:54.17] /o 	        Recommended Tool Versions           
[14:33:54.17] /o 	--------------------------------------------
[14:33:54.17] /o 	Custom Designer ........... : J-2014.12-2    
[14:33:54.17] /o 	IC Validator .............. : K-2015.12   
[14:33:54.17] /o 	StarRC..................... : K-2015.12  
[14:33:54.17] /o 	--------------------------------------------
[14:33:54.17] /o 	############################################
[14:33:54.17] /o 
[14:33:54.21] /o SAED PDK 90: Loaded callbacks
[14:33:54.22] /o SAED PDK 90: Loaded display resources
[14:33:55.69] /i gi::setCurrentIndex {libs} -index {Lab2} -in [gi::getWindows 2]
[14:33:55.70] /i gi::setItemSelection {libs} -index {Lab2} -in [gi::getWindows 2]
[14:33:58.32] /# gi::executeAction {dmShowNewCell} -in [gi::getWindows 2]
[14:33:58.32] /i dm::showNewCell -parent 2
[14:33:58.34] /i gi::setActiveDialog [gi::getDialogs {dmNewCell} -parent [gi::getWindows 2]]
[14:33:58.65] /i db::setAttr geometry -of [gi::getDialogs {dmNewCell} -parent [gi::getWindows 2]] -value 448x227+988+336
[14:34:22.40] /i gi::pressButton {ok} -in [gi::getDialogs {dmNewCell} -parent [gi::getWindows 2]]
[14:34:22.40] /e Error: The requested action could not be completed because one or more inputs are incomplete or invalid. (CUSTOM_WIDGETS-001)
[14:34:34.45] /i db::setAttr geometry -of [gi::getFrames 1] -value 1040x824+779+54
[14:34:58.84] /i gi::pressButton {cancel} -in [gi::getDialogs {dmNewCell} -parent [gi::getWindows 2]]
[14:35:00.45] /i gi::setCurrentIndex {cellCategories} -index {All} -in [gi::getWindows 2]
[14:35:04.22] /# gi::executeAction {dmShowNewCell} -in [gi::getWindows 2]
[14:35:04.22] /i dm::showNewCell -parent 2
[14:35:04.25] /i gi::setActiveDialog [gi::getDialogs {dmNewCell} -parent [gi::getWindows 2]]
[14:35:04.55] /i db::setAttr geometry -of [gi::getDialogs {dmNewCell} -parent [gi::getWindows 2]] -value 448x227+988+336
[14:35:10.14] /i gi::pressButton {cancel} -in [gi::getDialogs {dmNewCell} -parent [gi::getWindows 2]]
[14:35:10.95] /i gi::setCurrentIndex {libs} -index {Lab1} -in [gi::getWindows 2]
[14:35:10.96] /i gi::setItemSelection {libs} -index {Lab1} -in [gi::getWindows 2]
[14:35:12.11] /i gi::setCurrentIndex {libs} -index {Lab2} -in [gi::getWindows 2]
[14:35:12.12] /i gi::setItemSelection {libs} -index {Lab2} -in [gi::getWindows 2]
[14:35:23.26] /# gi::executeAction {dmShowNewCell} -in [gi::getWindows 2]
[14:35:23.26] /i dm::showNewCell -parent 2
[14:35:23.27] /i gi::setActiveDialog [gi::getDialogs {dmNewCell} -parent [gi::getWindows 2]]
[14:35:23.55] /i db::setAttr geometry -of [gi::getDialogs {dmNewCell} -parent [gi::getWindows 2]] -value 448x227+988+336
[14:35:36.10] /i gi::setField {cellName} -value {cmos} -in [gi::getDialogs {dmNewCell} -parent [gi::getWindows 2]]
[14:35:36.13] /i gi::pressButton {ok} -in [gi::getDialogs {dmNewCell} -parent [gi::getWindows 2]]
[14:35:36.13] /# dm::createCell cmos -lib [ oa::LibFind [oa::ScalarName [oa::CdbaNS] Lab2]]
[14:35:36.14] /# gi::setItemSelection {cells} -index {cmos} -in [gi::getDialogs {dmNewCell} -parent [gi::getWindows 2]]
[14:35:36.15] /i gi::setCurrentIndex {cells} -index {cmos} -in [gi::getWindows 2]
[14:35:37.42] /i gi::setCurrentIndex {libs} -index {Lab1} -in [gi::getWindows 2]
[14:35:37.42] /i gi::setItemSelection {libs} -index {Lab1} -in [gi::getWindows 2]
[14:35:38.73] /i gi::setCurrentIndex {cellCategories} -index {Uncategorized} -in [gi::getWindows 2]
[14:35:38.73] /i gi::setItemSelection {cellCategories} -index {Uncategorized} -in [gi::getWindows 2]
[14:35:39.26] /i gi::setCurrentIndex {cellCategories} -index {All} -in [gi::getWindows 2]
[14:35:39.26] /i gi::setItemSelection {cellCategories} -index {All} -in [gi::getWindows 2]
[14:35:40.03] /i gi::setCurrentIndex {cells} -index {RC_Network} -in [gi::getWindows 2]
[14:35:40.08] /i gi::setItemSelection {cells} -index {RC_Network} -in [gi::getWindows 2]
[14:35:41.38] /i gi::setCurrentIndex {libs} -index {Lab2} -in [gi::getWindows 2]
[14:35:41.39] /i gi::setItemSelection {libs} -index {Lab2} -in [gi::getWindows 2]
[14:35:46.16] /i gi::setCurrentIndex {cells} -index {cmos} -in [gi::getWindows 2]
[14:35:46.58] /i gi::setItemSelection {cells} -index {cmos} -in [gi::getWindows 2]
[14:35:48.49] /i gi::executeAction {dmDeleteCell} -in [gi::getWindows 2]
[14:35:48.50] /r giDialog gi::setActiveDialog [gi::getDialogs {dmDelete}]
[14:35:48.78] /r giDialog db::setAttr geometry -of [gi::getDialogs {dmDelete}] -value 354x92+773+454
[14:35:49.90] /r giDialog gi::pressButton {delete} -in [gi::getDialogs {dmDelete}]
[14:35:51.19] /# gi::executeAction {dmShowNewCell} -in [gi::getWindows 2]
[14:35:51.19] /i dm::showNewCell -parent 2
[14:35:51.21] /i gi::setActiveDialog [gi::getDialogs {dmNewCell} -parent [gi::getWindows 2]]
[14:35:51.52] /i db::setAttr geometry -of [gi::getDialogs {dmNewCell} -parent [gi::getWindows 2]] -value 448x227+988+336
[14:35:57.00] /i gi::setField {cellName} -value {inverter} -in [gi::getDialogs {dmNewCell} -parent [gi::getWindows 2]]
[14:35:57.90] /i gi::pressButton {ok} -in [gi::getDialogs {dmNewCell} -parent [gi::getWindows 2]]
[14:35:57.90] /# dm::createCell inverter -lib [ oa::LibFind [oa::ScalarName [oa::CdbaNS] Lab2]]
[14:35:57.91] /# gi::setItemSelection {cells} -index {inverter} -in [gi::getDialogs {dmNewCell} -parent [gi::getWindows 2]]
[14:35:57.92] /i gi::setCurrentIndex {cells} -index {inverter} -in [gi::getWindows 2]
[14:35:59.30] /i gi::setItemSelection {cells} -index {inverter} -in [gi::getWindows 2]
[14:36:01.06] /# gi::executeAction {dmShowNewCellView} -in [gi::getWindows 2]
[14:36:01.06] /i dm::showNewCellView -parent 2
[14:36:01.09] /i gi::setActiveDialog [gi::getDialogs {dmNewCellView} -parent [gi::getWindows 2]]
[14:36:01.37] /i db::setAttr geometry -of [gi::getDialogs {dmNewCellView} -parent [gi::getWindows 2]] -value 588x285+995+272
[14:36:11.26] /i gi::setField {cellViewName} -value {shcematic} -in [gi::getDialogs {dmNewCellView} -parent [gi::getWindows 2]]
[14:36:14.09] /i gi::setField {cellViewName} -value {shcematic} -in [gi::getDialogs {dmNewCellView} -parent [gi::getWindows 2]]
[14:36:21.16] /i gi::pressButton {ok} -in [gi::getDialogs {dmNewCellView} -parent [gi::getWindows 2]]
[14:36:21.17] /# db::getAttr viewType -of [dm::findCellView schematic -cell [dm::findCell inverter -lib [oa::LibFind [oa::ScalarName [oa::CdbaNS] Lab2]]]]
[14:36:21.17] /# dm::createCellView schematic -cell [dm::findCell inverter -lib [ oa::LibFind [oa::ScalarName [oa::CdbaNS] Lab2]]] -viewType schematic
[14:36:21.19] /# de::open [dm::findCellView schematic -cell [dm::findCell inverter -lib [oa::LibFind [oa::ScalarName [oa::CdbaNS] Lab2]]]] -application seSchematic
[14:36:21.22] /m Information: License 'MTM' checked out. (LICENSE-003)
[14:36:21.32] /r giWindowId 3
[14:36:21.32] /r giWindowGeometry 1632x926
[14:36:59.85] /i db::setAttr geometry -of [gi::getFrames 1] -value 1040x824+876+54
[14:39:45.90] /o Error: X connection has issue. Error code: 1 (APPLICATION_GUI-001)
