[14:45:36.51] /r giWindowId 0
[14:45:36.51] /r giWindowGeometry 600x300
[14:45:36.51] /o 
              /c                                 Custom Compiler 
              /c 
              /c               Version P-2019.06-SP1-7 for linux64 - Feb 13, 2020 
              /c 
              /c                     Copyright (c) 2004 - 2020 Synopsys, Inc.
              /c    This software and the associated documentation are proprietary to Synopsys,
              /c  Inc. This software may only be used in accordance with the terms and conditions
              /c  of a written license agreement with Synopsys, Inc. All other use, reproduction,
              /c             or distribution of this software is strictly prohibited.
              /c 
              /c Build  (OPT) Config 5329942 compiled on Thu Feb 13 14:05:50 2020 for RHEL64 6.6
              /c Invocation: /DCNFS/applications/synopsys/2019/app/customcompiler/P-2019.06-SP1-7/linux64/platform/bin/custom_compiler
              /c Execution time: Mon Apr  3 14:45:35 2023
              /c Host: linux400505
              /c Working directory: /DCNFS/users/student/cmorali/elen153
              /c 
[14:45:39.29] /r giShowFrameTabs true
[14:45:39.29] /r giWindowId 1
[14:45:39.29] /r giWindowGeometry 1040x800
[14:49:43.56] /i db::setAttr geometry -of [gi::getFrames 1] -value 1040x824+196+78
[14:56:03.64] /i exit
[14:56:03.66] /r giDialog gi::setActiveDialog [gi::getDialogs {deExitDialog} -parent [gi::getWindows 1]]
[14:56:03.96] /r giDialog db::setAttr geometry -of [gi::getDialogs {deExitDialog} -parent [gi::getWindows 1]] -value 419x207+497+335
[14:56:05.28] /r giDialog gi::pressButton {ok} -in [gi::getDialogs {deExitDialog} -parent [gi::getWindows 1]]
[14:56:05.64] /o Shutdown time: Mon Apr  3 14:56:05 2023
[14:56:05.64] /o Elapsed session real time: 10.48 minutes
[14:56:05.64] /o Session terminated. Log is at /DCNFS/users/student/cmorali/elen153/synopsys_custom/logs/ccompiler.cmorali.2023_4_3_144535_5461.log
