[15:23:54.04] /o sae_shell Version Custom Compiler P-2019.06-SP1-7
              /c Build  (OPT) compiled on Thu Feb 13 14:05:50 2020 for RHEL64 6.6
              /c Execution time: Mon Apr 10 15:23:49 2023
              /c Host: linux400513
              /c 
              /c Copyright © 2004-2020 Synopsys, Inc.
              /c This software and the associated documentation are proprietary to Synopsys, Inc. This software may only be used in accordance with the terms and conditions of a written license agreement with Synopsys, Inc. All other use, reproduction, or distribution of this software is strictly prohibited.
              /c 
              /c 
[15:23:54.13] /o /DCNFS/applications/synopsys/2019/app/customcompiler/P-2019.06-SP1-7/auxx/samples/basic
[15:23:54.13] /o /DCNFS/applications/synopsys/2019/app/customcompiler/P-2019.06-SP1-7/auxx/samples/snpsDeviceLib
[15:23:54.13] /o /DCNFS/applications/synopsys/2019/app/customcompiler/P-2019.06-SP1-7/auxx/samples/analogLib
[15:23:54.13] /o /DCNFS/applications/synopsys/2019/app/customcompiler/P-2019.06-SP1-7/auxx/samples/parasitics
[15:23:54.28] /o /DCNFS/applications/synopsys/2019/app/SAED/SAED_PDK90nm/SAED_PDK_90
[15:23:54.28] /o 	############################################
[15:23:54.28] /o 	        Synopsys Generic 90nm iPDK          
[15:23:54.28] /o 	--------------------------------------------
[15:23:54.28] /o 	Release Date .............. : 11-May-2016    
[15:23:54.28] /o 	============================================
[15:23:54.28] /o 	        Recommended Tool Versions           
[15:23:54.28] /o 	--------------------------------------------
[15:23:54.28] /o 	Custom Designer ........... : J-2014.12-2    
[15:23:54.28] /o 	IC Validator .............. : K-2015.12   
[15:23:54.28] /o 	StarRC..................... : K-2015.12  
[15:23:54.28] /o 	--------------------------------------------
[15:23:54.28] /o 	############################################
[15:23:54.28] /o 
[15:23:54.31] /o SAED PDK 90: Loaded callbacks
[15:23:54.31] /o SAED PDK 90: Loaded display resources
[15:23:54.32] /i ::sa::_backgroundSaeShell::signalProcessReady 1681165429
[15:23:54.32] /o saeInterBGSaeShell:  ::sa::_backgroundSaeShell::processReady 5
[15:23:55.26] /i ::sa::_backgroundSaeShell::exit
[15:23:55.26] /o saeInterBGSaeShell:  ::sa::_backgroundSaeShell::childFormallyExiting
