[16:06:57.45] /o sae_shell Version Custom Compiler P-2019.06-SP1-7
              /c Build  (OPT) compiled on Thu Feb 13 14:05:50 2020 for RHEL64 6.6
              /c Execution time: Mon Apr 10 16:06:52 2023
              /c Host: linux400513
              /c 
              /c Copyright © 2004-2020 Synopsys, Inc.
              /c This software and the associated documentation are proprietary to Synopsys, Inc. This software may only be used in accordance with the terms and conditions of a written license agreement with Synopsys, Inc. All other use, reproduction, or distribution of this software is strictly prohibited.
              /c 
              /c 
[16:06:57.52] /o /DCNFS/applications/synopsys/2019/app/customcompiler/P-2019.06-SP1-7/auxx/samples/basic
[16:06:57.53] /o /DCNFS/applications/synopsys/2019/app/customcompiler/P-2019.06-SP1-7/auxx/samples/snpsDeviceLib
[16:06:57.53] /o /DCNFS/applications/synopsys/2019/app/customcompiler/P-2019.06-SP1-7/auxx/samples/analogLib
[16:06:57.53] /o /DCNFS/applications/synopsys/2019/app/customcompiler/P-2019.06-SP1-7/auxx/samples/parasitics
[16:06:57.65] /o /DCNFS/applications/synopsys/2019/app/SAED/SAED_PDK90nm/SAED_PDK_90
[16:06:57.65] /o 	############################################
[16:06:57.65] /o 	        Synopsys Generic 90nm iPDK          
[16:06:57.65] /o 	--------------------------------------------
[16:06:57.65] /o 	Release Date .............. : 11-May-2016    
[16:06:57.65] /o 	============================================
[16:06:57.65] /o 	        Recommended Tool Versions           
[16:06:57.65] /o 	--------------------------------------------
[16:06:57.65] /o 	Custom Designer ........... : J-2014.12-2    
[16:06:57.65] /o 	IC Validator .............. : K-2015.12   
[16:06:57.65] /o 	StarRC..................... : K-2015.12  
[16:06:57.65] /o 	--------------------------------------------
[16:06:57.65] /o 	############################################
[16:06:57.65] /o 
[16:06:57.67] /o SAED PDK 90: Loaded callbacks
[16:06:57.67] /o SAED PDK 90: Loaded display resources
[16:06:57.68] /i ::sa::_backgroundSaeShell::signalProcessReady 1681168012
[16:06:57.68] /o saeInterBGSaeShell:  ::sa::_backgroundSaeShell::processReady 5
[16:11:58.70] /o saeInterBGSaeShell:  ::sa::_backgroundSaeShell::pingBack
[16:11:58.76] /i ::sa::_backgroundSaeShell::parentRunning
[16:11:58.76] /o 1681168318
[16:16:59.72] /o saeInterBGSaeShell:  ::sa::_backgroundSaeShell::pingBack
[16:17:06.50] /i ::sa::_backgroundSaeShell::parentRunning
[16:17:06.50] /o 1681168626
[16:21:54.52] /i ::sa::_backgroundSaeShell::runScript /DCNFS/users/student/cmorali/simulation/Lab1,RC_Network,schematic/history_1/simulation/HSPICE_default/HSPICE/parametric/.bg_measurement_script.tcl sa::_resultsDatabase::saeShellProcessingCompletedProc testSuiteName saeSession8 testbenchName HSPICE_default resultsDir /DCNFS/users/student/cmorali/simulation/Lab1,RC_Network,schematic/history_1/simulation/HSPICE_default/HSPICE/parametric/results testSuiteDir /DCNFS/users/student/cmorali/simulation/Lab1,RC_Network,schematic/history_1/simulation/HSPICE_default/HSPICE/parametric databaseName /DCNFS/users/student/cmorali/simulation/Lab1,RC_Network,schematic/history_1/simulation/HSPICE_default/HSPICE/parametric/resultsDatabase remoteRun {} testbenchId 1 saveImages true
[16:21:55.31] /m Information: Start incremental database creation...
[16:21:55.37] /m Information: Started sharing "Custom WaveView ADV" license. (WAVEFORM-110)
[16:21:55.89] /o saeInterBGSaeShell:  ::sa::_backgroundSaeShell::scriptFinished 1.3 {} sa::_resultsDatabase::saeShellProcessingCompletedProc testSuiteName saeSession8 testbenchName HSPICE_default resultsDir /DCNFS/users/student/cmorali/simulation/Lab1,RC_Network,schematic/history_1/simulation/HSPICE_default/HSPICE/parametric/results testSuiteDir /DCNFS/users/student/cmorali/simulation/Lab1,RC_Network,schematic/history_1/simulation/HSPICE_default/HSPICE/parametric databaseName /DCNFS/users/student/cmorali/simulation/Lab1,RC_Network,schematic/history_1/simulation/HSPICE_default/HSPICE/parametric/resultsDatabase remoteRun {} testbenchId 1 saveImages true
[16:21:55.89] /o false
[16:26:56.75] /o saeInterBGSaeShell:  ::sa::_backgroundSaeShell::pingBack
[16:26:56.86] /i ::sa::_backgroundSaeShell::parentRunning
[16:26:56.86] /o 1681169216
[16:27:00.76] /m Information: Stopped sharing "Custom WaveView ADV" license. (WAVEFORM-111)
[16:31:57.77] /o saeInterBGSaeShell:  ::sa::_backgroundSaeShell::pingBack
[16:31:57.96] /i ::sa::_backgroundSaeShell::parentRunning
[16:31:57.96] /o 1681169517
[16:32:56.90] /i ::sa::_backgroundSaeShell::runScript /DCNFS/users/student/cmorali/simulation/Lab1,RC_Network,schematic/history_1/simulation/HSPICE_default/HSPICE/parametric/.bg_measurement_script.tcl sa::_resultsDatabase::saeShellProcessingCompletedProc testSuiteName saeSession8 testbenchName HSPICE_default resultsDir /DCNFS/users/student/cmorali/simulation/Lab1,RC_Network,schematic/history_1/simulation/HSPICE_default/HSPICE/parametric/results testSuiteDir /DCNFS/users/student/cmorali/simulation/Lab1,RC_Network,schematic/history_1/simulation/HSPICE_default/HSPICE/parametric databaseName /DCNFS/users/student/cmorali/simulation/Lab1,RC_Network,schematic/history_1/simulation/HSPICE_default/HSPICE/parametric/resultsDatabase remoteRun {} testbenchId 1 saveImages true
[16:32:57.63] /m Information: Start incremental database creation...
[16:32:57.67] /m Information: Started sharing "Custom WaveView ADV" license. (WAVEFORM-110)
[16:32:57.89] /o saeInterBGSaeShell:  ::sa::_backgroundSaeShell::scriptFinished 0.9 {} sa::_resultsDatabase::saeShellProcessingCompletedProc testSuiteName saeSession8 testbenchName HSPICE_default resultsDir /DCNFS/users/student/cmorali/simulation/Lab1,RC_Network,schematic/history_1/simulation/HSPICE_default/HSPICE/parametric/results testSuiteDir /DCNFS/users/student/cmorali/simulation/Lab1,RC_Network,schematic/history_1/simulation/HSPICE_default/HSPICE/parametric databaseName /DCNFS/users/student/cmorali/simulation/Lab1,RC_Network,schematic/history_1/simulation/HSPICE_default/HSPICE/parametric/resultsDatabase remoteRun {} testbenchId 1 saveImages true
[16:32:57.89] /o false
[16:35:49.07] /i ::wf::viewerExited
[16:37:47.54] /i ::sa::_backgroundSaeShell::exit
[16:37:47.54] /o saeInterBGSaeShell:  ::sa::_backgroundSaeShell::childFormallyExiting
