
                                  PYDB_Server 

         Version Q-2019.12-SP1-1 for linux64 - Feb 24, 2020 cl#5351723

                    Copyright (c) 2007 - 2020 Synopsys, Inc.
   This software and the associated documentation are proprietary to Synopsys,
 Inc. This software may only be used in accordance with the terms and conditions
 of a written license agreement with Synopsys, Inc. All other use, reproduction,
            or distribution of this software is strictly prohibited.

variable width coordinate support enabled.
Removing old database /DCNFS/users/student/cmorali/elen153/synopsys_custom/pvjob_Lab4.4_to_2.icv.drc/run_details/pydb/PYDB_4_to_2
Listening for connections on port 8499
PYDB_Server Started on host linux400513.dc.engr.scu.edu, Mon 05/15/2023 16:30:35
Client linux400513(2148):12 connected (1 total client)
Verified current licenses.
SQLite page_size=65536
SQLite cache_size=65536
SQLite mmap_size=0
SQLite journal_mode=OFF
SQLite version 3.24.0
Client linux400513(2226):18 connected (2 total clients)
Client linux400513(2228):19 connected (3 total clients)
Client linux400513(2228):19 connection closed
Client linux400513(2228):19 disconnected (2 clients remain)
Client linux400513(2228):19 connected (3 total clients)
Client linux400513(2226):18 connection closed
Client linux400513(2226):18 disconnected (2 clients remain)
Client linux400513(2226):18 connected (3 total clients)
Client linux400513(2226):18 connection closed
Client linux400513(2226):18 disconnected (2 clients remain)
Client linux400513(2226):18 connected (3 total clients)
Client linux400513(2228):19 connection closed
Client linux400513(2228):19 disconnected (2 clients remain)
Client linux400513(2228):19 connected (3 total clients)
Client linux400513(2226):18 connection closed
Client linux400513(2226):18 disconnected (2 clients remain)
Client linux400513(2226):18 connected (3 total clients)
Client linux400513(2228):19 connection closed
Client linux400513(2228):19 disconnected (2 clients remain)
Client linux400513(2226):18 connection closed
Client linux400513(2226):18 disconnected (1 client remains)
Generating /DCNFS/users/student/cmorali/elen153/synopsys_custom/pvjob_Lab4.4_to_2.icv.drc/4_to_2.LAYOUT_ERRORS
  Generation Time=0:00:00  User=0.00 Sys=0.00 Mem=0.001 GB
Shutdown requested by client linux400513(2148):12
0 clients remain connected
Client linux400513(2148):12 connection closed
Overall server Time=0:00:07  User=0.02 Sys=0.02 Mem=0.001 GB SQLite=0.005 GB Unpooled=0.000 GB
