[15:40:36.25] /o sae_shell Version Custom Compiler P-2019.06-SP1-7
              /c Build  (OPT) compiled on Thu Feb 13 14:05:50 2020 for RHEL64 6.6
              /c Execution time: Mon May 22 15:40:31 2023
              /c Host: linux400513
              /c 
              /c Copyright © 2004-2020 Synopsys, Inc.
              /c This software and the associated documentation are proprietary to Synopsys, Inc. This software may only be used in accordance with the terms and conditions of a written license agreement with Synopsys, Inc. All other use, reproduction, or distribution of this software is strictly prohibited.
              /c 
              /c 
[15:40:36.31] /o /DCNFS/applications/synopsys/2019/app/customcompiler/P-2019.06-SP1-7/auxx/samples/basic
[15:40:36.31] /o /DCNFS/applications/synopsys/2019/app/customcompiler/P-2019.06-SP1-7/auxx/samples/snpsDeviceLib
[15:40:36.31] /o /DCNFS/applications/synopsys/2019/app/customcompiler/P-2019.06-SP1-7/auxx/samples/analogLib
[15:40:36.31] /o /DCNFS/applications/synopsys/2019/app/customcompiler/P-2019.06-SP1-7/auxx/samples/parasitics
[15:40:36.43] /o /DCNFS/applications/synopsys/2019/app/SAED/SAED_PDK90nm/SAED_PDK_90
[15:40:36.44] /o 	############################################
[15:40:36.44] /o 	        Synopsys Generic 90nm iPDK          
[15:40:36.44] /o 	--------------------------------------------
[15:40:36.44] /o 	Release Date .............. : 11-May-2016    
[15:40:36.44] /o 	============================================
[15:40:36.44] /o 	        Recommended Tool Versions           
[15:40:36.44] /o 	--------------------------------------------
[15:40:36.44] /o 	Custom Designer ........... : J-2014.12-2    
[15:40:36.44] /o 	IC Validator .............. : K-2015.12   
[15:40:36.44] /o 	StarRC..................... : K-2015.12  
[15:40:36.44] /o 	--------------------------------------------
[15:40:36.44] /o 	############################################
[15:40:36.44] /o 
[15:40:36.46] /o SAED PDK 90: Loaded callbacks
[15:40:36.46] /o SAED PDK 90: Loaded display resources
[15:40:36.47] /i ::sa::_backgroundSaeShell::signalProcessReady 1684795231
[15:40:36.47] /o saeInterBGSaeShell:  ::sa::_backgroundSaeShell::processReady 5
[15:45:37.48] /o saeInterBGSaeShell:  ::sa::_backgroundSaeShell::pingBack
[15:45:37.66] /i ::sa::_backgroundSaeShell::parentRunning
[15:45:37.66] /o 1684795537
[15:50:38.51] /o saeInterBGSaeShell:  ::sa::_backgroundSaeShell::pingBack
[15:50:38.66] /i ::sa::_backgroundSaeShell::parentRunning
[15:50:38.66] /o 1684795838
[15:55:39.53] /o saeInterBGSaeShell:  ::sa::_backgroundSaeShell::pingBack
[15:55:39.56] /i ::sa::_backgroundSaeShell::parentRunning
[15:55:39.56] /o 1684796139
[15:57:57.58] /i ::wf::viewerExited
[16:00:40.55] /o saeInterBGSaeShell:  ::sa::_backgroundSaeShell::pingBack
[16:00:40.56] /i ::sa::_backgroundSaeShell::parentRunning
[16:00:40.56] /o 1684796440
[16:03:48.78] /i ::wf::viewerExited
[16:04:16.04] /i ::sa::_backgroundSaeShell::exit
[16:04:16.04] /o saeInterBGSaeShell:  ::sa::_backgroundSaeShell::childFormallyExiting
