[14:30:17.23] /r giWindowId 0
[14:30:17.23] /r giWindowGeometry 600x300
[14:30:17.24] /o 
              /c                                 Custom Compiler 
              /c 
              /c               Version P-2019.06-SP1-7 for linux64 - Feb 13, 2020 
              /c 
              /c                     Copyright (c) 2004 - 2020 Synopsys, Inc.
              /c    This software and the associated documentation are proprietary to Synopsys,
              /c  Inc. This software may only be used in accordance with the terms and conditions
              /c  of a written license agreement with Synopsys, Inc. All other use, reproduction,
              /c             or distribution of this software is strictly prohibited.
              /c 
              /c Build  (OPT) Config 5329942 compiled on Thu Feb 13 14:05:50 2020 for RHEL64 6.6
              /c Invocation: /DCNFS/applications/synopsys/2019/app/customcompiler/P-2019.06-SP1-7/linux64/platform/bin/custom_compiler
              /c Execution time: Mon May 22 14:30:15 2023
              /c Host: linux400513
              /c Working directory: /DCNFS/users/student/cmorali/elen153
              /c 
[14:30:20.77] /r giShowFrameTabs true
[14:30:20.77] /r giWindowId 1
[14:30:20.77] /r giWindowGeometry 1040x800
[14:32:06.23] /i exit
[14:32:06.26] /r giDialog gi::setActiveDialog [gi::getDialogs {deExitDialog} -parent [gi::getWindows 1]]
[14:32:06.56] /r giDialog db::setAttr geometry -of [gi::getDialogs {deExitDialog} -parent [gi::getWindows 1]] -value 419x207+740+373
[14:32:07.42] /r giDialog gi::pressButton {help} -in [gi::getDialogs {deExitDialog} -parent [gi::getWindows 1]]
[14:32:07.42] /r giWindowId 2
[14:32:07.42] /r giWindowGeometry 1040x800
[14:32:08.09] /r giDialog gi::pressButton {ok} -in [gi::getDialogs {deExitDialog} -parent [gi::getWindows 1]]
[14:32:08.42] /o Shutdown time: Mon May 22 14:32:08 2023
[14:32:08.42] /o Elapsed session real time: 1.85 minutes
[14:32:08.42] /o Session terminated. Log is at /DCNFS/users/student/cmorali/elen153/synopsys_custom/logs/ccompiler.cmorali.2023_5_22_143015_13608.log
