[15:47:49.07] /o sae_shell Version Custom Compiler P-2019.06-SP1-7
              /c Build  (OPT) compiled on Thu Feb 13 14:05:50 2020 for RHEL64 6.6
              /c Execution time: Mon Apr 10 15:47:44 2023
              /c Host: linux400513
              /c 
              /c Copyright © 2004-2020 Synopsys, Inc.
              /c This software and the associated documentation are proprietary to Synopsys, Inc. This software may only be used in accordance with the terms and conditions of a written license agreement with Synopsys, Inc. All other use, reproduction, or distribution of this software is strictly prohibited.
              /c 
              /c 
[15:47:49.13] /o /DCNFS/applications/synopsys/2019/app/customcompiler/P-2019.06-SP1-7/auxx/samples/basic
[15:47:49.13] /o /DCNFS/applications/synopsys/2019/app/customcompiler/P-2019.06-SP1-7/auxx/samples/snpsDeviceLib
[15:47:49.14] /o /DCNFS/applications/synopsys/2019/app/customcompiler/P-2019.06-SP1-7/auxx/samples/analogLib
[15:47:49.14] /o /DCNFS/applications/synopsys/2019/app/customcompiler/P-2019.06-SP1-7/auxx/samples/parasitics
[15:47:49.26] /o /DCNFS/applications/synopsys/2019/app/SAED/SAED_PDK90nm/SAED_PDK_90
[15:47:49.26] /o 	############################################
[15:47:49.26] /o 	        Synopsys Generic 90nm iPDK          
[15:47:49.26] /o 	--------------------------------------------
[15:47:49.26] /o 	Release Date .............. : 11-May-2016    
[15:47:49.26] /o 	============================================
[15:47:49.26] /o 	        Recommended Tool Versions           
[15:47:49.26] /o 	--------------------------------------------
[15:47:49.26] /o 	Custom Designer ........... : J-2014.12-2    
[15:47:49.26] /o 	IC Validator .............. : K-2015.12   
[15:47:49.26] /o 	StarRC..................... : K-2015.12  
[15:47:49.26] /o 	--------------------------------------------
[15:47:49.26] /o 	############################################
[15:47:49.26] /o 
[15:47:49.29] /o SAED PDK 90: Loaded callbacks
[15:47:49.29] /o SAED PDK 90: Loaded display resources
[15:47:49.30] /i ::sa::_backgroundSaeShell::signalProcessReady 1681166864
[15:47:49.30] /o saeInterBGSaeShell:  ::sa::_backgroundSaeShell::processReady 5
[15:48:44.88] /i ::wf::viewerExited
[15:50:42.97] /i ::wf::viewerExited
[15:52:50.31] /o saeInterBGSaeShell:  ::sa::_backgroundSaeShell::pingBack
[15:52:50.46] /i ::sa::_backgroundSaeShell::parentRunning
[15:52:50.46] /o 1681167170
[15:52:51.57] /i ::wf::viewerExited
[15:53:35.57] /i ::wf::viewerExited
[15:56:42.47] /i ::wf::viewerExited
[15:57:51.34] /o saeInterBGSaeShell:  ::sa::_backgroundSaeShell::pingBack
[15:57:51.36] /i ::sa::_backgroundSaeShell::parentRunning
[15:57:51.36] /o 1681167471
[16:02:52.36] /o saeInterBGSaeShell:  ::sa::_backgroundSaeShell::pingBack
[16:02:52.46] /i ::sa::_backgroundSaeShell::parentRunning
[16:02:52.46] /o 1681167772
[16:07:53.38] /o saeInterBGSaeShell:  ::sa::_backgroundSaeShell::pingBack
[16:07:53.46] /i ::sa::_backgroundSaeShell::parentRunning
[16:07:53.46] /o 1681168073
[16:08:41.38] /i ::sa::_backgroundSaeShell::exit
[16:08:41.38] /o saeInterBGSaeShell:  ::sa::_backgroundSaeShell::childFormallyExiting
