[15:24:05.56] /o sae_shell Version Custom Compiler P-2019.06-SP1-7
              /c Build  (OPT) compiled on Thu Feb 13 14:05:50 2020 for RHEL64 6.6
              /c Execution time: Mon Apr 17 15:24:00 2023
              /c Host: linux400512
              /c 
              /c Copyright © 2004-2020 Synopsys, Inc.
              /c This software and the associated documentation are proprietary to Synopsys, Inc. This software may only be used in accordance with the terms and conditions of a written license agreement with Synopsys, Inc. All other use, reproduction, or distribution of this software is strictly prohibited.
              /c 
              /c 
[15:24:05.64] /o /DCNFS/applications/synopsys/2019/app/customcompiler/P-2019.06-SP1-7/auxx/samples/basic
[15:24:05.64] /o /DCNFS/applications/synopsys/2019/app/customcompiler/P-2019.06-SP1-7/auxx/samples/snpsDeviceLib
[15:24:05.64] /o /DCNFS/applications/synopsys/2019/app/customcompiler/P-2019.06-SP1-7/auxx/samples/analogLib
[15:24:05.64] /o /DCNFS/applications/synopsys/2019/app/customcompiler/P-2019.06-SP1-7/auxx/samples/parasitics
[15:24:05.80] /o /DCNFS/applications/synopsys/2019/app/SAED/SAED_PDK90nm/SAED_PDK_90
[15:24:05.80] /o 	############################################
[15:24:05.80] /o 	        Synopsys Generic 90nm iPDK          
[15:24:05.80] /o 	--------------------------------------------
[15:24:05.80] /o 	Release Date .............. : 11-May-2016    
[15:24:05.80] /o 	============================================
[15:24:05.80] /o 	        Recommended Tool Versions           
[15:24:05.80] /o 	--------------------------------------------
[15:24:05.80] /o 	Custom Designer ........... : J-2014.12-2    
[15:24:05.80] /o 	IC Validator .............. : K-2015.12   
[15:24:05.80] /o 	StarRC..................... : K-2015.12  
[15:24:05.80] /o 	--------------------------------------------
[15:24:05.80] /o 	############################################
[15:24:05.80] /o 
[15:24:05.82] /o SAED PDK 90: Loaded callbacks
[15:24:05.82] /o SAED PDK 90: Loaded display resources
[15:24:05.83] /i ::sa::_backgroundSaeShell::signalProcessReady 1681770238
[15:24:05.83] /o saeInterBGSaeShell:  ::sa::_backgroundSaeShell::processReady 7
[15:29:06.85] /o saeInterBGSaeShell:  ::sa::_backgroundSaeShell::pingBack
[15:29:06.96] /i ::sa::_backgroundSaeShell::parentRunning
[15:29:06.96] /o 1681770546
[15:34:07.87] /o saeInterBGSaeShell:  ::sa::_backgroundSaeShell::pingBack
[15:34:08.06] /i ::sa::_backgroundSaeShell::parentRunning
[15:34:08.06] /o 1681770848
[15:36:26.09] /i ::sa::_backgroundSaeShell::runScript /DCNFS/users/student/cmorali/simulation/Lab2,testbench_inverter,schematic/history_1/simulation/default/HSPICE/nominal/.bg_measurement_script.tcl sa::_resultsDatabase::saeShellProcessingCompletedProc testSuiteName saeSession0 testbenchName default resultsDir /DCNFS/users/student/cmorali/simulation/Lab2,testbench_inverter,schematic/history_1/simulation/default/HSPICE/nominal/results testSuiteDir /DCNFS/users/student/cmorali/simulation/Lab2,testbench_inverter,schematic/history_1/simulation/default/HSPICE/nominal databaseName /DCNFS/users/student/cmorali/simulation/Lab2,testbench_inverter,schematic/history_1/simulation/default/HSPICE/nominal/resultsDatabase remoteRun {} testbenchId 1 saveImages true
[15:36:26.86] /m Information: Start incremental database creation...
[15:36:26.91] /m Information: Started sharing "Custom WaveView ADV" license. (WAVEFORM-110)
[15:36:27.02] /o saeInterBGSaeShell:  ::sa::_backgroundSaeShell::scriptFinished 0.9 {} sa::_resultsDatabase::saeShellProcessingCompletedProc testSuiteName saeSession0 testbenchName default resultsDir /DCNFS/users/student/cmorali/simulation/Lab2,testbench_inverter,schematic/history_1/simulation/default/HSPICE/nominal/results testSuiteDir /DCNFS/users/student/cmorali/simulation/Lab2,testbench_inverter,schematic/history_1/simulation/default/HSPICE/nominal databaseName /DCNFS/users/student/cmorali/simulation/Lab2,testbench_inverter,schematic/history_1/simulation/default/HSPICE/nominal/resultsDatabase remoteRun {} testbenchId 1 saveImages true
[15:36:27.02] /o false
[15:41:28.91] /o saeInterBGSaeShell:  ::sa::_backgroundSaeShell::pingBack
[15:41:29.06] /i ::sa::_backgroundSaeShell::parentRunning
[15:41:29.06] /o 1681771289
[15:41:31.75] /m Information: Stopped sharing "Custom WaveView ADV" license. (WAVEFORM-111)
[15:41:34.94] /i ::sa::_backgroundSaeShell::runScript /DCNFS/users/student/cmorali/simulation/Lab2,testbench_inverter,schematic/history_1/simulation/default/HSPICE/nominal/.bg_measurement_script.tcl sa::_resultsDatabase::saeShellProcessingCompletedProc testSuiteName saeSession0 testbenchName default resultsDir /DCNFS/users/student/cmorali/simulation/Lab2,testbench_inverter,schematic/history_1/simulation/default/HSPICE/nominal/results testSuiteDir /DCNFS/users/student/cmorali/simulation/Lab2,testbench_inverter,schematic/history_1/simulation/default/HSPICE/nominal databaseName /DCNFS/users/student/cmorali/simulation/Lab2,testbench_inverter,schematic/history_1/simulation/default/HSPICE/nominal/resultsDatabase remoteRun {} testbenchId 1 saveImages true
[15:41:35.26] /m Information: Start incremental database creation...
[15:41:35.29] /m Information: Started sharing "Custom WaveView ADV" license. (WAVEFORM-110)
[15:41:35.37] /o saeInterBGSaeShell:  ::sa::_backgroundSaeShell::scriptFinished 0.4 {} sa::_resultsDatabase::saeShellProcessingCompletedProc testSuiteName saeSession0 testbenchName default resultsDir /DCNFS/users/student/cmorali/simulation/Lab2,testbench_inverter,schematic/history_1/simulation/default/HSPICE/nominal/results testSuiteDir /DCNFS/users/student/cmorali/simulation/Lab2,testbench_inverter,schematic/history_1/simulation/default/HSPICE/nominal databaseName /DCNFS/users/student/cmorali/simulation/Lab2,testbench_inverter,schematic/history_1/simulation/default/HSPICE/nominal/resultsDatabase remoteRun {} testbenchId 1 saveImages true
[15:41:35.37] /o false
[15:42:52.41] /i ::sa::_backgroundSaeShell::runScript /DCNFS/users/student/cmorali/simulation/Lab2,testbench_inverter,schematic/history_1/simulation/default/HSPICE/nominal/.bg_measurement_script.tcl sa::_resultsDatabase::saeShellProcessingCompletedProc testSuiteName saeSession0 testbenchName default resultsDir /DCNFS/users/student/cmorali/simulation/Lab2,testbench_inverter,schematic/history_1/simulation/default/HSPICE/nominal/results testSuiteDir /DCNFS/users/student/cmorali/simulation/Lab2,testbench_inverter,schematic/history_1/simulation/default/HSPICE/nominal databaseName /DCNFS/users/student/cmorali/simulation/Lab2,testbench_inverter,schematic/history_1/simulation/default/HSPICE/nominal/resultsDatabase remoteRun {} testbenchId 1 saveImages true
[15:42:52.76] /m Information: Start incremental database creation...
[15:42:52.88] /o saeInterBGSaeShell:  ::sa::_backgroundSaeShell::scriptFinished 0.4 {} sa::_resultsDatabase::saeShellProcessingCompletedProc testSuiteName saeSession0 testbenchName default resultsDir /DCNFS/users/student/cmorali/simulation/Lab2,testbench_inverter,schematic/history_1/simulation/default/HSPICE/nominal/results testSuiteDir /DCNFS/users/student/cmorali/simulation/Lab2,testbench_inverter,schematic/history_1/simulation/default/HSPICE/nominal databaseName /DCNFS/users/student/cmorali/simulation/Lab2,testbench_inverter,schematic/history_1/simulation/default/HSPICE/nominal/resultsDatabase remoteRun {} testbenchId 1 saveImages true
[15:42:52.88] /o false
[15:43:08.46] /i ::wf::viewerExited
[15:43:24.21] /i ::sa::_backgroundSaeShell::runScript /DCNFS/users/student/cmorali/simulation/Lab2,testbench_inverter,schematic/history_1/simulation/default/HSPICE/nominal/.bg_measurement_script.tcl sa::_resultsDatabase::saeShellProcessingCompletedProc testSuiteName saeSession0 testbenchName default resultsDir /DCNFS/users/student/cmorali/simulation/Lab2,testbench_inverter,schematic/history_1/simulation/default/HSPICE/nominal/results testSuiteDir /DCNFS/users/student/cmorali/simulation/Lab2,testbench_inverter,schematic/history_1/simulation/default/HSPICE/nominal databaseName /DCNFS/users/student/cmorali/simulation/Lab2,testbench_inverter,schematic/history_1/simulation/default/HSPICE/nominal/resultsDatabase remoteRun {} testbenchId 1 saveImages true
[15:43:24.84] /m Information: Start incremental database creation...
[15:43:24.95] /o saeInterBGSaeShell:  ::sa::_backgroundSaeShell::scriptFinished 0.7 {} sa::_resultsDatabase::saeShellProcessingCompletedProc testSuiteName saeSession0 testbenchName default resultsDir /DCNFS/users/student/cmorali/simulation/Lab2,testbench_inverter,schematic/history_1/simulation/default/HSPICE/nominal/results testSuiteDir /DCNFS/users/student/cmorali/simulation/Lab2,testbench_inverter,schematic/history_1/simulation/default/HSPICE/nominal databaseName /DCNFS/users/student/cmorali/simulation/Lab2,testbench_inverter,schematic/history_1/simulation/default/HSPICE/nominal/resultsDatabase remoteRun {} testbenchId 1 saveImages true
[15:43:24.95] /o false
[15:48:01.37] /i ::wf::viewerExited
[15:48:25.93] /o saeInterBGSaeShell:  ::sa::_backgroundSaeShell::pingBack
[15:48:26.06] /i ::sa::_backgroundSaeShell::parentRunning
[15:48:26.06] /o 1681771706
[15:48:29.75] /m Information: Stopped sharing "Custom WaveView ADV" license. (WAVEFORM-111)
[15:53:26.95] /o saeInterBGSaeShell:  ::sa::_backgroundSaeShell::pingBack
[15:53:26.96] /i ::sa::_backgroundSaeShell::parentRunning
[15:53:26.96] /o 1681772006
[15:58:27.97] /o saeInterBGSaeShell:  ::sa::_backgroundSaeShell::pingBack
[15:58:28.06] /i ::sa::_backgroundSaeShell::parentRunning
[15:58:28.06] /o 1681772308
[15:58:58.20] /i ::sa::_backgroundSaeShell::runScript /DCNFS/users/student/cmorali/simulation/Lab2,testbench_inverter,schematic/history_1/simulation/default/HSPICE/nominal/.bg_measurement_script.tcl sa::_resultsDatabase::saeShellProcessingCompletedProc testSuiteName saeSession0 testbenchName default resultsDir /DCNFS/users/student/cmorali/simulation/Lab2,testbench_inverter,schematic/history_1/simulation/default/HSPICE/nominal/results testSuiteDir /DCNFS/users/student/cmorali/simulation/Lab2,testbench_inverter,schematic/history_1/simulation/default/HSPICE/nominal databaseName /DCNFS/users/student/cmorali/simulation/Lab2,testbench_inverter,schematic/history_1/simulation/default/HSPICE/nominal/resultsDatabase remoteRun {} testbenchId 1 saveImages true
[15:58:58.85] /m Information: Start incremental database creation...
[15:58:58.88] /m Information: Started sharing "Custom WaveView ADV" license. (WAVEFORM-110)
[15:58:58.97] /o saeInterBGSaeShell:  ::sa::_backgroundSaeShell::scriptFinished 0.7 {} sa::_resultsDatabase::saeShellProcessingCompletedProc testSuiteName saeSession0 testbenchName default resultsDir /DCNFS/users/student/cmorali/simulation/Lab2,testbench_inverter,schematic/history_1/simulation/default/HSPICE/nominal/results testSuiteDir /DCNFS/users/student/cmorali/simulation/Lab2,testbench_inverter,schematic/history_1/simulation/default/HSPICE/nominal databaseName /DCNFS/users/student/cmorali/simulation/Lab2,testbench_inverter,schematic/history_1/simulation/default/HSPICE/nominal/resultsDatabase remoteRun {} testbenchId 1 saveImages true
[15:58:58.97] /o false
[16:01:55.66] /i ::wf::viewerExited
[16:03:59.99] /o saeInterBGSaeShell:  ::sa::_backgroundSaeShell::pingBack
[16:04:00.16] /i ::sa::_backgroundSaeShell::parentRunning
[16:04:00.16] /o 1681772640
[16:04:03.76] /m Information: Stopped sharing "Custom WaveView ADV" license. (WAVEFORM-111)
[16:09:01.01] /o saeInterBGSaeShell:  ::sa::_backgroundSaeShell::pingBack
[16:09:01.16] /i ::sa::_backgroundSaeShell::parentRunning
[16:09:01.16] /o 1681772941
[16:09:07.38] /i ::sa::_backgroundSaeShell::runScript /DCNFS/users/student/cmorali/simulation/Lab2,testbench_inverter,schematic/history_1/simulation/HSPICE_default/HSPICE/nominal/.bg_measurement_script.tcl sa::_resultsDatabase::saeShellProcessingCompletedProc testSuiteName saeSession0 testbenchName HSPICE_default resultsDir /DCNFS/users/student/cmorali/simulation/Lab2,testbench_inverter,schematic/history_1/simulation/HSPICE_default/HSPICE/nominal/results testSuiteDir /DCNFS/users/student/cmorali/simulation/Lab2,testbench_inverter,schematic/history_1/simulation/HSPICE_default/HSPICE/nominal databaseName /DCNFS/users/student/cmorali/simulation/Lab2,testbench_inverter,schematic/history_1/simulation/HSPICE_default/HSPICE/nominal/resultsDatabase remoteRun {} testbenchId 1 saveImages true
[16:09:08.07] /m Information: Start incremental database creation...
[16:09:08.10] /m Information: Started sharing "Custom WaveView ADV" license. (WAVEFORM-110)
[16:09:08.18] /o saeInterBGSaeShell:  ::sa::_backgroundSaeShell::scriptFinished 0.8 {} sa::_resultsDatabase::saeShellProcessingCompletedProc testSuiteName saeSession0 testbenchName HSPICE_default resultsDir /DCNFS/users/student/cmorali/simulation/Lab2,testbench_inverter,schematic/history_1/simulation/HSPICE_default/HSPICE/nominal/results testSuiteDir /DCNFS/users/student/cmorali/simulation/Lab2,testbench_inverter,schematic/history_1/simulation/HSPICE_default/HSPICE/nominal databaseName /DCNFS/users/student/cmorali/simulation/Lab2,testbench_inverter,schematic/history_1/simulation/HSPICE_default/HSPICE/nominal/resultsDatabase remoteRun {} testbenchId 1 saveImages true
[16:09:08.18] /o false
[16:14:09.04] /o saeInterBGSaeShell:  ::sa::_backgroundSaeShell::pingBack
[16:14:09.06] /i ::sa::_backgroundSaeShell::parentRunning
[16:14:09.06] /o 1681773249
[16:14:12.76] /m Information: Stopped sharing "Custom WaveView ADV" license. (WAVEFORM-111)
[16:19:10.06] /o saeInterBGSaeShell:  ::sa::_backgroundSaeShell::pingBack
[16:19:10.16] /i ::sa::_backgroundSaeShell::parentRunning
[16:19:10.16] /o 1681773550
[16:24:11.08] /o saeInterBGSaeShell:  ::sa::_backgroundSaeShell::pingBack
[16:24:11.15] /i ::sa::_backgroundSaeShell::parentRunning
[16:24:11.15] /o 1681773851
[16:27:12.26] /i ::sa::_backgroundSaeShell::exit
[16:27:12.26] /o saeInterBGSaeShell:  ::sa::_backgroundSaeShell::childFormallyExiting
