[15:07:42.03] /o sae_shell Version Custom Compiler P-2019.06-SP1-7
              /c Build  (OPT) compiled on Thu Feb 13 14:05:50 2020 for RHEL64 6.6
              /c Execution time: Mon Apr 10 15:07:37 2023
              /c Host: linux400513
              /c 
              /c Copyright © 2004-2020 Synopsys, Inc.
              /c This software and the associated documentation are proprietary to Synopsys, Inc. This software may only be used in accordance with the terms and conditions of a written license agreement with Synopsys, Inc. All other use, reproduction, or distribution of this software is strictly prohibited.
              /c 
              /c 
[15:07:42.09] /o /DCNFS/applications/synopsys/2019/app/customcompiler/P-2019.06-SP1-7/auxx/samples/basic
[15:07:42.09] /o /DCNFS/applications/synopsys/2019/app/customcompiler/P-2019.06-SP1-7/auxx/samples/snpsDeviceLib
[15:07:42.09] /o /DCNFS/applications/synopsys/2019/app/customcompiler/P-2019.06-SP1-7/auxx/samples/analogLib
[15:07:42.09] /o /DCNFS/applications/synopsys/2019/app/customcompiler/P-2019.06-SP1-7/auxx/samples/parasitics
[15:07:42.22] /o /DCNFS/applications/synopsys/2019/app/SAED/SAED_PDK90nm/SAED_PDK_90
[15:07:42.22] /o 	############################################
[15:07:42.22] /o 	        Synopsys Generic 90nm iPDK          
[15:07:42.22] /o 	--------------------------------------------
[15:07:42.22] /o 	Release Date .............. : 11-May-2016    
[15:07:42.22] /o 	============================================
[15:07:42.22] /o 	        Recommended Tool Versions           
[15:07:42.22] /o 	--------------------------------------------
[15:07:42.22] /o 	Custom Designer ........... : J-2014.12-2    
[15:07:42.22] /o 	IC Validator .............. : K-2015.12   
[15:07:42.22] /o 	StarRC..................... : K-2015.12  
[15:07:42.22] /o 	--------------------------------------------
[15:07:42.22] /o 	############################################
[15:07:42.22] /o 
[15:07:42.24] /o SAED PDK 90: Loaded callbacks
[15:07:42.24] /o SAED PDK 90: Loaded display resources
[15:07:42.25] /i ::sa::_backgroundSaeShell::signalProcessReady 1681164457
[15:07:42.25] /o saeInterBGSaeShell:  ::sa::_backgroundSaeShell::processReady 5
[15:12:43.27] /o saeInterBGSaeShell:  ::sa::_backgroundSaeShell::pingBack
[15:12:43.36] /i ::sa::_backgroundSaeShell::parentRunning
[15:12:43.36] /o 1681164763
[15:17:44.29] /o saeInterBGSaeShell:  ::sa::_backgroundSaeShell::pingBack
[15:17:44.46] /i ::sa::_backgroundSaeShell::parentRunning
[15:17:44.46] /o 1681165064
[15:22:45.29] /o saeInterBGSaeShell:  ::sa::_backgroundSaeShell::pingBack
[15:22:45.36] /i ::sa::_backgroundSaeShell::parentRunning
[15:22:45.36] /o 1681165365
[15:27:46.31] /o saeInterBGSaeShell:  ::sa::_backgroundSaeShell::pingBack
[15:27:46.36] /i ::sa::_backgroundSaeShell::parentRunning
[15:27:46.36] /o 1681165666
[15:30:12.58] /i ::wf::viewerExited
[15:32:47.31] /o saeInterBGSaeShell:  ::sa::_backgroundSaeShell::pingBack
[15:32:48.52] /i ::sa::_backgroundSaeShell::parentRunning
[15:32:48.52] /o 1681165968
[15:37:48.33] /o saeInterBGSaeShell:  ::sa::_backgroundSaeShell::pingBack
[15:37:48.46] /i ::sa::_backgroundSaeShell::parentRunning
[15:37:48.46] /o 1681166268
[15:42:49.35] /o saeInterBGSaeShell:  ::sa::_backgroundSaeShell::pingBack
[15:42:49.46] /i ::sa::_backgroundSaeShell::parentRunning
[15:42:49.46] /o 1681166569
[15:47:50.37] /o saeInterBGSaeShell:  ::sa::_backgroundSaeShell::pingBack
[15:47:50.46] /i ::sa::_backgroundSaeShell::parentRunning
[15:47:50.46] /o 1681166870
[15:48:44.88] /i ::wf::viewerExited
[15:50:42.97] /i ::wf::viewerExited
[15:51:08.03] /i ::sa::_backgroundSaeShell::exit
[15:51:08.03] /o saeInterBGSaeShell:  ::sa::_backgroundSaeShell::childFormallyExiting
