[15:31:39.90] /o sae_shell Version Custom Compiler P-2019.06-SP1-7
              /c Build  (OPT) compiled on Thu Feb 13 14:05:50 2020 for RHEL64 6.6
              /c Execution time: Mon May  1 15:31:35 2023
              /c Host: linux400513
              /c 
              /c Copyright © 2004-2020 Synopsys, Inc.
              /c This software and the associated documentation are proprietary to Synopsys, Inc. This software may only be used in accordance with the terms and conditions of a written license agreement with Synopsys, Inc. All other use, reproduction, or distribution of this software is strictly prohibited.
              /c 
              /c 
[15:31:39.97] /o /DCNFS/applications/synopsys/2019/app/customcompiler/P-2019.06-SP1-7/auxx/samples/basic
[15:31:39.97] /o /DCNFS/applications/synopsys/2019/app/customcompiler/P-2019.06-SP1-7/auxx/samples/snpsDeviceLib
[15:31:39.97] /o /DCNFS/applications/synopsys/2019/app/customcompiler/P-2019.06-SP1-7/auxx/samples/analogLib
[15:31:39.98] /o /DCNFS/applications/synopsys/2019/app/customcompiler/P-2019.06-SP1-7/auxx/samples/parasitics
[15:31:40.10] /o /DCNFS/applications/synopsys/2019/app/SAED/SAED_PDK90nm/SAED_PDK_90
[15:31:40.11] /o 	############################################
[15:31:40.11] /o 	        Synopsys Generic 90nm iPDK          
[15:31:40.11] /o 	--------------------------------------------
[15:31:40.11] /o 	Release Date .............. : 11-May-2016    
[15:31:40.11] /o 	============================================
[15:31:40.11] /o 	        Recommended Tool Versions           
[15:31:40.11] /o 	--------------------------------------------
[15:31:40.11] /o 	Custom Designer ........... : J-2014.12-2    
[15:31:40.11] /o 	IC Validator .............. : K-2015.12   
[15:31:40.11] /o 	StarRC..................... : K-2015.12  
[15:31:40.11] /o 	--------------------------------------------
[15:31:40.11] /o 	############################################
[15:31:40.11] /o 
[15:31:40.13] /o SAED PDK 90: Loaded callbacks
[15:31:40.13] /o SAED PDK 90: Loaded display resources
[15:31:40.14] /i ::sa::_backgroundSaeShell::signalProcessReady 1682980295
[15:31:40.14] /o saeInterBGSaeShell:  ::sa::_backgroundSaeShell::processReady 5
[15:36:41.16] /o saeInterBGSaeShell:  ::sa::_backgroundSaeShell::pingBack
[15:36:41.26] /i ::sa::_backgroundSaeShell::parentRunning
[15:36:41.26] /o 1682980601
[15:41:42.17] /o saeInterBGSaeShell:  ::sa::_backgroundSaeShell::pingBack
[15:41:42.36] /i ::sa::_backgroundSaeShell::parentRunning
[15:41:42.36] /o 1682980902
[15:46:43.18] /o saeInterBGSaeShell:  ::sa::_backgroundSaeShell::pingBack
[15:46:43.26] /i ::sa::_backgroundSaeShell::parentRunning
[15:46:43.26] /o 1682981203
[15:48:34.87] /i ::wf::viewerExited
[15:48:45.33] /i ::sa::_backgroundSaeShell::exit
[15:48:45.33] /o saeInterBGSaeShell:  ::sa::_backgroundSaeShell::childFormallyExiting
