[15:26:13.52] /o sae_shell Version Custom Compiler P-2019.06-SP1-7
              /c Build  (OPT) compiled on Thu Feb 13 14:05:50 2020 for RHEL64 6.6
              /c Execution time: Mon May  1 15:26:09 2023
              /c Host: linux400513
              /c 
              /c Copyright © 2004-2020 Synopsys, Inc.
              /c This software and the associated documentation are proprietary to Synopsys, Inc. This software may only be used in accordance with the terms and conditions of a written license agreement with Synopsys, Inc. All other use, reproduction, or distribution of this software is strictly prohibited.
              /c 
              /c 
[15:26:13.61] /o /DCNFS/applications/synopsys/2019/app/customcompiler/P-2019.06-SP1-7/auxx/samples/basic
[15:26:13.61] /o /DCNFS/applications/synopsys/2019/app/customcompiler/P-2019.06-SP1-7/auxx/samples/snpsDeviceLib
[15:26:13.61] /o /DCNFS/applications/synopsys/2019/app/customcompiler/P-2019.06-SP1-7/auxx/samples/analogLib
[15:26:13.61] /o /DCNFS/applications/synopsys/2019/app/customcompiler/P-2019.06-SP1-7/auxx/samples/parasitics
[15:26:13.73] /o /DCNFS/applications/synopsys/2019/app/SAED/SAED_PDK90nm/SAED_PDK_90
[15:26:13.73] /o 	############################################
[15:26:13.73] /o 	        Synopsys Generic 90nm iPDK          
[15:26:13.73] /o 	--------------------------------------------
[15:26:13.73] /o 	Release Date .............. : 11-May-2016    
[15:26:13.73] /o 	============================================
[15:26:13.73] /o 	        Recommended Tool Versions           
[15:26:13.73] /o 	--------------------------------------------
[15:26:13.73] /o 	Custom Designer ........... : J-2014.12-2    
[15:26:13.73] /o 	IC Validator .............. : K-2015.12   
[15:26:13.73] /o 	StarRC..................... : K-2015.12  
[15:26:13.73] /o 	--------------------------------------------
[15:26:13.73] /o 	############################################
[15:26:13.73] /o 
[15:26:13.75] /o SAED PDK 90: Loaded callbacks
[15:26:13.75] /o SAED PDK 90: Loaded display resources
[15:26:13.76] /i ::sa::_backgroundSaeShell::signalProcessReady 1682979968
[15:26:13.76] /o saeInterBGSaeShell:  ::sa::_backgroundSaeShell::processReady 5
[15:31:14.78] /o saeInterBGSaeShell:  ::sa::_backgroundSaeShell::pingBack
[15:31:14.96] /i ::sa::_backgroundSaeShell::parentRunning
[15:31:14.96] /o 1682980274
[15:31:35.39] /i ::sa::_backgroundSaeShell::runScript /DCNFS/users/student/cmorali/simulation/Lab4,Test_bench,schematic/history_1/simulation/HSPICE_default/HSPICE/nominal/.bg_measurement_script.tcl sa::_resultsDatabase::saeShellProcessingCompletedProc testSuiteName saeSession0 testbenchName HSPICE_default resultsDir /DCNFS/users/student/cmorali/simulation/Lab4,Test_bench,schematic/history_1/simulation/HSPICE_default/HSPICE/nominal/results testSuiteDir /DCNFS/users/student/cmorali/simulation/Lab4,Test_bench,schematic/history_1/simulation/HSPICE_default/HSPICE/nominal databaseName /DCNFS/users/student/cmorali/simulation/Lab4,Test_bench,schematic/history_1/simulation/HSPICE_default/HSPICE/nominal/resultsDatabase remoteRun {} testbenchId 1 saveImages true
[15:31:35.75] /m Information: Start incremental database creation...
[15:31:35.79] /o saeInterBGSaeShell:  ::sa::_backgroundSaeShell::scriptFinished 0.4 {} sa::_resultsDatabase::saeShellProcessingCompletedProc testSuiteName saeSession0 testbenchName HSPICE_default resultsDir /DCNFS/users/student/cmorali/simulation/Lab4,Test_bench,schematic/history_1/simulation/HSPICE_default/HSPICE/nominal/results testSuiteDir /DCNFS/users/student/cmorali/simulation/Lab4,Test_bench,schematic/history_1/simulation/HSPICE_default/HSPICE/nominal databaseName /DCNFS/users/student/cmorali/simulation/Lab4,Test_bench,schematic/history_1/simulation/HSPICE_default/HSPICE/nominal/resultsDatabase remoteRun {} testbenchId 1 saveImages true
[15:31:35.79] /o false
[15:32:55.71] /i ::sa::_backgroundSaeShell::runScript /DCNFS/users/student/cmorali/simulation/Lab4,Test_bench,schematic/history_1/simulation/HSPICE_default/HSPICE/nominal/.bg_measurement_script.tcl sa::_resultsDatabase::saeShellProcessingCompletedProc testSuiteName saeSession0 testbenchName HSPICE_default resultsDir /DCNFS/users/student/cmorali/simulation/Lab4,Test_bench,schematic/history_1/simulation/HSPICE_default/HSPICE/nominal/results testSuiteDir /DCNFS/users/student/cmorali/simulation/Lab4,Test_bench,schematic/history_1/simulation/HSPICE_default/HSPICE/nominal databaseName /DCNFS/users/student/cmorali/simulation/Lab4,Test_bench,schematic/history_1/simulation/HSPICE_default/HSPICE/nominal/resultsDatabase remoteRun {} testbenchId 1 saveImages true
[15:32:56.00] /m Information: Start incremental database creation...
[15:32:56.04] /o saeInterBGSaeShell:  ::sa::_backgroundSaeShell::scriptFinished 0.3 {} sa::_resultsDatabase::saeShellProcessingCompletedProc testSuiteName saeSession0 testbenchName HSPICE_default resultsDir /DCNFS/users/student/cmorali/simulation/Lab4,Test_bench,schematic/history_1/simulation/HSPICE_default/HSPICE/nominal/results testSuiteDir /DCNFS/users/student/cmorali/simulation/Lab4,Test_bench,schematic/history_1/simulation/HSPICE_default/HSPICE/nominal databaseName /DCNFS/users/student/cmorali/simulation/Lab4,Test_bench,schematic/history_1/simulation/HSPICE_default/HSPICE/nominal/resultsDatabase remoteRun {} testbenchId 1 saveImages true
[15:32:56.04] /o false
[15:35:34.94] /i ::sa::_backgroundSaeShell::runScript /DCNFS/users/student/cmorali/simulation/Lab4,Test_bench,schematic/history_1/simulation/HSPICE_default/HSPICE/nominal/.bg_measurement_script.tcl sa::_resultsDatabase::saeShellProcessingCompletedProc testSuiteName saeSession0 testbenchName HSPICE_default resultsDir /DCNFS/users/student/cmorali/simulation/Lab4,Test_bench,schematic/history_1/simulation/HSPICE_default/HSPICE/nominal/results testSuiteDir /DCNFS/users/student/cmorali/simulation/Lab4,Test_bench,schematic/history_1/simulation/HSPICE_default/HSPICE/nominal databaseName /DCNFS/users/student/cmorali/simulation/Lab4,Test_bench,schematic/history_1/simulation/HSPICE_default/HSPICE/nominal/resultsDatabase remoteRun {} testbenchId 1 saveImages true
[15:35:35.22] /m Information: Start incremental database creation...
[15:35:35.26] /o saeInterBGSaeShell:  ::sa::_backgroundSaeShell::scriptFinished 0.3 {} sa::_resultsDatabase::saeShellProcessingCompletedProc testSuiteName saeSession0 testbenchName HSPICE_default resultsDir /DCNFS/users/student/cmorali/simulation/Lab4,Test_bench,schematic/history_1/simulation/HSPICE_default/HSPICE/nominal/results testSuiteDir /DCNFS/users/student/cmorali/simulation/Lab4,Test_bench,schematic/history_1/simulation/HSPICE_default/HSPICE/nominal databaseName /DCNFS/users/student/cmorali/simulation/Lab4,Test_bench,schematic/history_1/simulation/HSPICE_default/HSPICE/nominal/resultsDatabase remoteRun {} testbenchId 1 saveImages true
[15:35:35.26] /o false
[15:40:17.00] /i ::sa::_backgroundSaeShell::runScript /DCNFS/users/student/cmorali/simulation/Lab4,Test_bench,schematic/history_1/simulation/HSPICE_default/HSPICE/nominal/.bg_measurement_script.tcl sa::_resultsDatabase::saeShellProcessingCompletedProc testSuiteName saeSession0 testbenchName HSPICE_default resultsDir /DCNFS/users/student/cmorali/simulation/Lab4,Test_bench,schematic/history_1/simulation/HSPICE_default/HSPICE/nominal/results testSuiteDir /DCNFS/users/student/cmorali/simulation/Lab4,Test_bench,schematic/history_1/simulation/HSPICE_default/HSPICE/nominal databaseName /DCNFS/users/student/cmorali/simulation/Lab4,Test_bench,schematic/history_1/simulation/HSPICE_default/HSPICE/nominal/resultsDatabase remoteRun {} testbenchId 1 saveImages true
[15:40:17.25] /m Information: Start incremental database creation...
[15:40:17.29] /o saeInterBGSaeShell:  ::sa::_backgroundSaeShell::scriptFinished 0.2 {} sa::_resultsDatabase::saeShellProcessingCompletedProc testSuiteName saeSession0 testbenchName HSPICE_default resultsDir /DCNFS/users/student/cmorali/simulation/Lab4,Test_bench,schematic/history_1/simulation/HSPICE_default/HSPICE/nominal/results testSuiteDir /DCNFS/users/student/cmorali/simulation/Lab4,Test_bench,schematic/history_1/simulation/HSPICE_default/HSPICE/nominal databaseName /DCNFS/users/student/cmorali/simulation/Lab4,Test_bench,schematic/history_1/simulation/HSPICE_default/HSPICE/nominal/resultsDatabase remoteRun {} testbenchId 1 saveImages true
[15:40:17.29] /o false
[15:41:38.76] /i ::sa::_backgroundSaeShell::runScript /DCNFS/users/student/cmorali/simulation/Lab4,Test_bench,schematic/history_1/simulation/HSPICE_default/HSPICE/nominal/.bg_measurement_script.tcl sa::_resultsDatabase::saeShellProcessingCompletedProc testSuiteName saeSession0 testbenchName HSPICE_default resultsDir /DCNFS/users/student/cmorali/simulation/Lab4,Test_bench,schematic/history_1/simulation/HSPICE_default/HSPICE/nominal/results testSuiteDir /DCNFS/users/student/cmorali/simulation/Lab4,Test_bench,schematic/history_1/simulation/HSPICE_default/HSPICE/nominal databaseName /DCNFS/users/student/cmorali/simulation/Lab4,Test_bench,schematic/history_1/simulation/HSPICE_default/HSPICE/nominal/resultsDatabase remoteRun {} testbenchId 1 saveImages true
[15:41:39.55] /m Information: Start incremental database creation...
[15:41:39.60] /m Information: Started sharing "Custom WaveView ADV" license. (WAVEFORM-110)
[15:41:39.71] /o saeInterBGSaeShell:  ::sa::_backgroundSaeShell::scriptFinished 0.9 {} sa::_resultsDatabase::saeShellProcessingCompletedProc testSuiteName saeSession0 testbenchName HSPICE_default resultsDir /DCNFS/users/student/cmorali/simulation/Lab4,Test_bench,schematic/history_1/simulation/HSPICE_default/HSPICE/nominal/results testSuiteDir /DCNFS/users/student/cmorali/simulation/Lab4,Test_bench,schematic/history_1/simulation/HSPICE_default/HSPICE/nominal databaseName /DCNFS/users/student/cmorali/simulation/Lab4,Test_bench,schematic/history_1/simulation/HSPICE_default/HSPICE/nominal/resultsDatabase remoteRun {} testbenchId 1 saveImages true
[15:41:39.71] /o false
[15:46:40.82] /o saeInterBGSaeShell:  ::sa::_backgroundSaeShell::pingBack
[15:46:40.86] /i ::sa::_backgroundSaeShell::parentRunning
[15:46:40.86] /o 1682981200
[15:46:44.76] /m Information: Stopped sharing "Custom WaveView ADV" license. (WAVEFORM-111)
[15:48:34.87] /i ::wf::viewerExited
[15:48:45.33] /i ::sa::_backgroundSaeShell::exit
[15:48:45.33] /o saeInterBGSaeShell:  ::sa::_backgroundSaeShell::childFormallyExiting
