### Custom WaveView ADV log file, revision P-2019.06-SP2 (build Nov 30, ) ###
### created at 15:41:39 on Mon May  1 2023 (Linux AMD64) ###
### Host Name: linux400513   User ID: cmorali   PID: 24122   ###
wv_start_log
# (0) running in waveview only mode
# (0) SW_SX_PERL_LIB defined
# (0) SW_SX_TCL_LIB defined
# (0) HOME defined
#source {/opt/synopsys-2019/app/wv/P-2019.06-SP2/packages/SX-SNPSCUST-Link/snps_custom_link.tcl}
wv_resize_browser {Custom WaveView} {} {waveview 1:1} 796 253
wv_resize_browser {Custom WaveView} {} {waveview 1:1} 796 231
wv_move_window {Custom WaveView} {} 1 56
wv_select_window {Custom WaveView} 
wv_resize_browser {Custom WaveView} {} {waveview 1:1} 1914 828
wv_move_window {Custom WaveView} {} 0 26
#sx_first_wv#
#sx_current_wv _6d5f2d0_void_p#
#sx_set_data_directory {/DCNFS/users/student/cmorali/simulation/Lab4,Test_bench,schematic/history_1/simulation/HSPICE_default/HSPICE/nominal/results}#
#sx_get_signals {/DCNFS/users/student/cmorali/simulation/Lab4,Test_bench,schematic/history_1/simulation/HSPICE_default/HSPICE/nominal/results/resultsMap.xml} {v(net6)}  -analysis {tran:tran} -openmode replace#
#sx_get_num_sweeps _6e93320_void_pp#
#::CDSX::findIsSweepScalar _6e93320_void_pp 1#
#sx_signal_attribute _6e93320_void_pp -xrange#
#sx_first_wv#
#sx_set_wv_userinfo _6d5f2d0_void_p#
#sx_first_panel _6d5f2d0_void_p#
#sx_next_wv _6d5f2d0_void_p#
#sx_first_wv#
#sx_next_wv _6d5f2d0_void_p#
#sx_current_wv#
#sx_first_panel _6d5f2d0_void_p#
#sx_current_wv _6d5f2d0_void_p#
#sx_clear_wv#
#sx_set_wv_title _6d5f2d0_void_p tran#
#sx_wv_name _6d5f2d0_void_p tran#
#sx_get_last_panel _6d5f2d0_void_p#
#sx_append_panel _6d5f2d0_void_p linear#
#sx_current_wv _6d5f2d0_void_p#
#sx_signal_add_mode overlap#
#sx_current_panel _6eb99b0_void_p#
#sx_set_wv_testbench _6d5f2d0_void_p #
#sx_set_wv_userinfo _6d5f2d0_void_p {saeSession0::tran}#
#sx_plot_signals {{/DCNFS/users/student/cmorali/simulation/Lab4,Test_bench,schematic/history_1/simulation/HSPICE_default/HSPICE/nominal/results/resultsMap.xml}} {{v(net6)}} {-color #FF0000 -label A} -openmode replace -analysis tran:tran -noupdate -type volt#
#sx_get_panel_type _6eb99b0_void_p#
#sx_set_panel_x_type _6eb99b0_void_p "linear"#
#sx_set_panel_y_type _6eb99b0_void_p "linear"#
#sx_get_signals {/DCNFS/users/student/cmorali/simulation/Lab4,Test_bench,schematic/history_1/simulation/HSPICE_default/HSPICE/nominal/results/resultsMap.xml} {v(net8)}  -analysis {tran:tran} -openmode replace#
#sx_get_num_sweeps _6e933b0_void_pp#
#::CDSX::findIsSweepScalar _6e933b0_void_pp 1#
#sx_signal_attribute _6e933b0_void_pp -xrange#
#sx_current_wv#
#sx_first_panel _6d5f2d0_void_p#
#sx_current_wv#
#sx_get_last_panel _6d5f2d0_void_p#
#sx_get_panel_type _6eb99b0_void_p#
#sx_first_panel _6d5f2d0_void_p#
#sx_get_panel_type _6eb99b0_void_p#
#sx_get_x_full_range _6eb99b0_void_p#
#sx_xaxis_attribute _6eb99b0_void_p -scale#
#sx_get_last_panel _6d5f2d0_void_p#
#sx_first_panel _6d5f2d0_void_p#
#sx_next_panel _6eb99b0_void_p#
#sx_get_panel_type _6eb99b0_void_p#
#sx_signal_add_mode overlap#
#sx_current_panel _6eb99b0_void_p#
#sx_set_wv_testbench _6d5f2d0_void_p #
#sx_set_wv_userinfo _6d5f2d0_void_p {saeSession0::tran}#
#sx_plot_signals {{/DCNFS/users/student/cmorali/simulation/Lab4,Test_bench,schematic/history_1/simulation/HSPICE_default/HSPICE/nominal/results/resultsMap.xml}} {{v(net8)}} {-color #CC00FF -label B} -openmode replace -analysis tran:tran -noupdate -type volt#
#sx_get_panel_type _6eb99b0_void_p#
#sx_set_panel_x_type _6eb99b0_void_p "linear"#
#sx_set_panel_y_type _6eb99b0_void_p "linear"#
#sx_get_signals {/DCNFS/users/student/cmorali/simulation/Lab4,Test_bench,schematic/history_1/simulation/HSPICE_default/HSPICE/nominal/results/resultsMap.xml} {v(out)}  -analysis {tran:tran} -openmode replace#
#sx_get_num_sweeps _6e93440_void_pp#
#::CDSX::findIsSweepScalar _6e93440_void_pp 1#
#sx_signal_attribute _6e93440_void_pp -xrange#
#sx_current_wv#
#sx_first_panel _6d5f2d0_void_p#
#sx_current_wv#
#sx_get_last_panel _6d5f2d0_void_p#
#sx_get_panel_type _6eb99b0_void_p#
#sx_first_panel _6d5f2d0_void_p#
#sx_get_panel_type _6eb99b0_void_p#
#sx_get_x_full_range _6eb99b0_void_p#
#sx_xaxis_attribute _6eb99b0_void_p -scale#
#sx_get_last_panel _6d5f2d0_void_p#
#sx_first_panel _6d5f2d0_void_p#
#sx_next_panel _6eb99b0_void_p#
#sx_get_panel_type _6eb99b0_void_p#
#sx_signal_add_mode overlap#
#sx_current_panel _6eb99b0_void_p#
#sx_set_wv_testbench _6d5f2d0_void_p #
#sx_set_wv_userinfo _6d5f2d0_void_p {saeSession0::tran}#
#sx_plot_signals {{/DCNFS/users/student/cmorali/simulation/Lab4,Test_bench,schematic/history_1/simulation/HSPICE_default/HSPICE/nominal/results/resultsMap.xml}} {{v(out)}} {-color #00FF66 -label v(/out)} -openmode replace -analysis tran:tran -noupdate -type volt#
#sx_get_panel_type _6eb99b0_void_p#
#sx_set_panel_x_type _6eb99b0_void_p "linear"#
#sx_set_panel_y_type _6eb99b0_void_p "linear"#
#sx_first_wv#
#sx_first_panel _6d5f2d0_void_p#
#sx_toggle_right_axis _6eb99b0_void_p I-Signal#
#sx_next_panel _6eb99b0_void_p#
#sx_next_wv _6d5f2d0_void_p#
#sx_first_panel _6d5f2d0_void_p#
#sx_next_panel _6eb99b0_void_p#
#sx_first_line _6eb99b0_void_p#
#sx_first_panel _6d5f2d0_void_p#
#sx_first_wv#
#sx_wv_name _6d5f2d0_void_p#
#sx_next_wv _6d5f2d0_void_p#
wv_select_waveview 1 {tran}
wv_select_wv_item WV1.PANEL1:1.LEGEND
wv_select_panel WV1.PANEL1:1.LEGEND
wv_select_waveview 1 {tran}
wv_select_wv_item WV1.PANEL1:1.LINE1
wv_select_line WV1.PANEL1:1.LINE1
wv_select_waveview 1 {tran}
wv_select_wv_item WV1.PANEL1:1.LINE2
wv_select_line WV1.PANEL1:1.LINE2
wv_select_waveview 1 {tran}
wv_select_wv_item WV1.PANEL1:1.LINE3
wv_select_line WV1.PANEL1:1.LINE3
wv_select_waveview 1 {tran}
wv_select_wv_item WV1.PANEL1:1.LINE1
wv_select_line WV1.PANEL1:1.LINE1
wv_select_waveview 1 {tran}
wv_release_wv_item WV1 53 33
wv_select_waveview 1 {tran}
wv_select_wv_item WV1.PANEL1:1.LEGEND
wv_drag_item_to WV1 50 128
wv_select_panel WV1.PANEL1:1.LEGEND
wv_select_waveview 1 {tran}
wv_release_wv_item WV1 34 33
wv_select_waveview 1 {tran}
wv_select_wv_item WV1.PANEL1:1.LEGEND
wv_select_panel WV1.PANEL1:1.LEGEND
wv_select_waveview 1 {tran}
wv_waveview_context_menu WV1.PANEL1:1.LEGEND
wv_select_waveview 1 {tran}
wv_select_menu_item {Custom WaveView} {tran:1} {PanelPopMenu.Ungroup} 
wv_select_window {Custom WaveView} 
wv_select_waveview 1 {tran}
wv_select_toolbar_item {Custom WaveView} {tran:1} {Measurement Tool} 
wv_select_combox_item {MeasurementTool} {} {Signal} "\[v(/out)\] tran:tran" 2
wv_set_radion {MeasurementTool} {} {FallEdge} 
wv_set_radion {MeasurementTool} {} {RiseEdge} 
wv_press_button {MeasurementTool} {} {Ok} 
wv_select_window {Custom WaveView} 
wv_select_waveview 1 {tran}
wv_select_wv_item WV1.MEAS1
wv_drag_item_to WV1 687 611
wv_move_wv_item WV1.MEAS1 1074 618
wv_select_waveview 1 {tran}
wv_select_panel WV1.PANEL3:1 4.27781e-07 0.739871
wv_select_waveview 1 {tran}
wv_select_toolbar_item {Custom WaveView} {tran:1} {Measurement Tool} 
wv_set_radion {MeasurementTool} {} {FallEdge} 
wv_select_combox_item {MeasurementTool} {} {Signal} "\[v(/out)\] tran:tran" 2
wv_press_button {MeasurementTool} {} {Ok} 
wv_select_window {Custom WaveView} 
wv_select_waveview 1 {tran}
wv_select_wv_item WV1.MEAS2
wv_drag_item_to WV1 695 611
wv_move_wv_item WV1.MEAS2 783 620
wv_close_window {Custom WaveView} 
wv_move_window {Confirmation} {} 868 508
wv_select_dialog {Confirmation} 
#wv_press_button {Confirmation} {} {Ok} 
#*WARNING* Can not remove '/home/cmorali/.cx_hostport/.cx_hostport_linux400513_24122'.
