[16:21:59.60] /o sae_shell Version Custom Compiler P-2019.06-SP1-7
              /c Build  (OPT) compiled on Thu Feb 13 14:05:50 2020 for RHEL64 6.6
              /c Execution time: Mon Apr 10 16:21:54 2023
              /c Host: linux400513
              /c 
              /c Copyright © 2004-2020 Synopsys, Inc.
              /c This software and the associated documentation are proprietary to Synopsys, Inc. This software may only be used in accordance with the terms and conditions of a written license agreement with Synopsys, Inc. All other use, reproduction, or distribution of this software is strictly prohibited.
              /c 
              /c 
[16:21:59.66] /o /DCNFS/applications/synopsys/2019/app/customcompiler/P-2019.06-SP1-7/auxx/samples/basic
[16:21:59.67] /o /DCNFS/applications/synopsys/2019/app/customcompiler/P-2019.06-SP1-7/auxx/samples/snpsDeviceLib
[16:21:59.67] /o /DCNFS/applications/synopsys/2019/app/customcompiler/P-2019.06-SP1-7/auxx/samples/analogLib
[16:21:59.67] /o /DCNFS/applications/synopsys/2019/app/customcompiler/P-2019.06-SP1-7/auxx/samples/parasitics
[16:21:59.78] /o /DCNFS/applications/synopsys/2019/app/SAED/SAED_PDK90nm/SAED_PDK_90
[16:21:59.78] /o 	############################################
[16:21:59.78] /o 	        Synopsys Generic 90nm iPDK          
[16:21:59.78] /o 	--------------------------------------------
[16:21:59.78] /o 	Release Date .............. : 11-May-2016    
[16:21:59.78] /o 	============================================
[16:21:59.78] /o 	        Recommended Tool Versions           
[16:21:59.78] /o 	--------------------------------------------
[16:21:59.78] /o 	Custom Designer ........... : J-2014.12-2    
[16:21:59.78] /o 	IC Validator .............. : K-2015.12   
[16:21:59.78] /o 	StarRC..................... : K-2015.12  
[16:21:59.78] /o 	--------------------------------------------
[16:21:59.78] /o 	############################################
[16:21:59.78] /o 
[16:21:59.81] /o SAED PDK 90: Loaded callbacks
[16:21:59.81] /o SAED PDK 90: Loaded display resources
[16:21:59.82] /i ::sa::_backgroundSaeShell::signalProcessReady 1681168914
[16:21:59.82] /o saeInterBGSaeShell:  ::sa::_backgroundSaeShell::processReady 5
[16:27:00.83] /o saeInterBGSaeShell:  ::sa::_backgroundSaeShell::pingBack
[16:27:00.96] /i ::sa::_backgroundSaeShell::parentRunning
[16:27:00.96] /o 1681169220
[16:32:01.85] /o saeInterBGSaeShell:  ::sa::_backgroundSaeShell::pingBack
[16:32:01.96] /i ::sa::_backgroundSaeShell::parentRunning
[16:32:01.96] /o 1681169521
[16:35:49.07] /i ::wf::viewerExited
[16:37:02.87] /o saeInterBGSaeShell:  ::sa::_backgroundSaeShell::pingBack
[16:37:03.06] /i ::sa::_backgroundSaeShell::parentRunning
[16:37:03.06] /o 1681169823
[16:37:47.54] /i ::sa::_backgroundSaeShell::exit
[16:37:47.54] /o saeInterBGSaeShell:  ::sa::_backgroundSaeShell::childFormallyExiting
